[debug] [2025-02-12T05:06:51.497Z] ----------------------------------------------------------------------
[debug] [2025-02-12T05:06:51.506Z] Command:       C:\Users\aryan\AppData\Roaming\fnm\node-versions\v20.18.2\installation\node.exe C:\Users\aryan\AppData\Roaming\fnm\node-versions\v20.18.2\installation\node_modules\firebase-tools\lib\bin\firebase.js init
[debug] [2025-02-12T05:06:51.507Z] CLI Version:   13.30.0
[debug] [2025-02-12T05:06:51.507Z] Platform:      win32
[debug] [2025-02-12T05:06:51.507Z] Node Version:  v20.18.2
[debug] [2025-02-12T05:06:51.507Z] Time:          Wed Feb 12 2025 10:36:51 GMT+0530 (India Standard Time)
[debug] [2025-02-12T05:06:51.507Z] ----------------------------------------------------------------------
[debug] 
[debug] [2025-02-12T05:06:51.514Z] > command requires scopes: ["email","openid","https://www.googleapis.com/auth/cloudplatformprojects.readonly","https://www.googleapis.com/auth/firebase","https://www.googleapis.com/auth/cloud-platform"]
[debug] [2025-02-12T05:06:51.514Z] > authorizing via signed-in user (aryan.iqnaut@gmail.com)
[info] 
     ######## #### ########  ######## ########     ###     ######  ########
     ##        ##  ##     ## ##       ##     ##  ##   ##  ##       ##
     ######    ##  ########  ######   ########  #########  ######  ######
     ##        ##  ##    ##  ##       ##     ## ##     ##       ## ##
     ##       #### ##     ## ######## ########  ##     ##  ######  ########

You're about to initialize a Firebase project in this directory:

  D:\WEB DEVELOPMENT\INTERNSHIP\eshcool\echooling-react-main

[info] 
=== Project Setup
[info] 
[info] First, let's associate this project directory with a Firebase project.
[info] You can create multiple project aliases by running firebase use --add, 
[info] but for now we'll just set up a default project.
[info] 
[debug] [2025-02-12T05:07:13.884Z] Checked if tokens are valid: true, expires at: 1739340253049
[debug] [2025-02-12T05:07:13.885Z] Checked if tokens are valid: true, expires at: 1739340253049
[debug] [2025-02-12T05:07:13.893Z] >>> [apiv2][query] GET https://firebase.googleapis.com/v1beta1/projects pageSize=100
[debug] [2025-02-12T05:07:15.866Z] <<< [apiv2][status] GET https://firebase.googleapis.com/v1beta1/projects 200
[debug] [2025-02-12T05:07:15.867Z] <<< [apiv2][body] GET https://firebase.googleapis.com/v1beta1/projects [omitted]
[debug] [2025-02-12T05:07:34.142Z] ----------------------------------------------------------------------
[debug] [2025-02-12T05:07:34.144Z] Command:       C:\Users\aryan\AppData\Roaming\fnm\node-versions\v20.18.2\installation\node.exe C:\Users\aryan\AppData\Roaming\fnm\node-versions\v20.18.2\installation\node_modules\firebase-tools\lib\bin\firebase.js init
[debug] [2025-02-12T05:07:34.145Z] CLI Version:   13.30.0
[debug] [2025-02-12T05:07:34.145Z] Platform:      win32
[debug] [2025-02-12T05:07:34.145Z] Node Version:  v20.18.2
[debug] [2025-02-12T05:07:34.145Z] Time:          Wed Feb 12 2025 10:37:34 GMT+0530 (India Standard Time)
[debug] [2025-02-12T05:07:34.145Z] ----------------------------------------------------------------------
[debug] 
[debug] [2025-02-12T05:07:34.152Z] > command requires scopes: ["email","openid","https://www.googleapis.com/auth/cloudplatformprojects.readonly","https://www.googleapis.com/auth/firebase","https://www.googleapis.com/auth/cloud-platform"]
[debug] [2025-02-12T05:07:34.153Z] > authorizing via signed-in user (aryan.iqnaut@gmail.com)
[info] 
     ######## #### ########  ######## ########     ###     ######  ########
     ##        ##  ##     ## ##       ##     ##  ##   ##  ##       ##
     ######    ##  ########  ######   ########  #########  ######  ######
     ##        ##  ##    ##  ##       ##     ## ##     ##       ## ##
     ##       #### ##     ## ######## ########  ##     ##  ######  ########

You're about to initialize a Firebase project in this directory:

  D:\WEB DEVELOPMENT\INTERNSHIP\eshcool\echooling-react-main

[info] 
=== Project Setup
[info] 
[info] First, let's associate this project directory with a Firebase project.
[info] You can create multiple project aliases by running firebase use --add, 
[info] but for now we'll just set up a default project.
[info] 
[debug] [2025-02-12T05:07:43.846Z] Checked if tokens are valid: true, expires at: 1739340253049
[debug] [2025-02-12T05:07:43.847Z] Checked if tokens are valid: true, expires at: 1739340253049
[debug] [2025-02-12T05:07:43.851Z] >>> [apiv2][query] GET https://firebase.googleapis.com/v1beta1/projects pageSize=100
[debug] [2025-02-12T05:07:45.028Z] <<< [apiv2][status] GET https://firebase.googleapis.com/v1beta1/projects 200
[debug] [2025-02-12T05:07:45.028Z] <<< [apiv2][body] GET https://firebase.googleapis.com/v1beta1/projects [omitted]
[info] i  Using project next-school-web-app (next-school-web-app) 
[info] 
=== Hosting Setup
[debug] [2025-02-12T05:07:46.977Z] Checked if tokens are valid: true, expires at: 1739340253049
[debug] [2025-02-12T05:07:46.977Z] Checked if tokens are valid: true, expires at: 1739340253049
[debug] [2025-02-12T05:07:46.977Z] >>> [apiv2][query] GET https://firebase.googleapis.com/v1beta1/projects/next-school-web-app [none]
[debug] [2025-02-12T05:07:47.683Z] <<< [apiv2][status] GET https://firebase.googleapis.com/v1beta1/projects/next-school-web-app 200
[debug] [2025-02-12T05:07:47.684Z] <<< [apiv2][body] GET https://firebase.googleapis.com/v1beta1/projects/next-school-web-app {"projectId":"next-school-web-app","projectNumber":"450625225834","displayName":"next-school-web-app","name":"projects/next-school-web-app","resources":{"hostingSite":"next-school-web-app"},"state":"ACTIVE","etag":"1_a97fa803-684b-4964-ab5a-24635078d4fd"}
[info] 
[info] Your public directory is the folder (relative to your project directory) that
[info] will contain Hosting assets to be uploaded with firebase deploy. If you
[info] have a build process for your assets, use your build's output directory.
[info] 
[debug] [2025-02-12T05:08:09.208Z] ----------------------------------------------------------------------
[debug] [2025-02-12T05:08:09.211Z] Command:       C:\Users\aryan\AppData\Roaming\fnm\node-versions\v20.18.2\installation\node.exe C:\Users\aryan\AppData\Roaming\fnm\node-versions\v20.18.2\installation\node_modules\firebase-tools\lib\bin\firebase.js init
[debug] [2025-02-12T05:08:09.211Z] CLI Version:   13.30.0
[debug] [2025-02-12T05:08:09.211Z] Platform:      win32
[debug] [2025-02-12T05:08:09.212Z] Node Version:  v20.18.2
[debug] [2025-02-12T05:08:09.212Z] Time:          Wed Feb 12 2025 10:38:09 GMT+0530 (India Standard Time)
[debug] [2025-02-12T05:08:09.212Z] ----------------------------------------------------------------------
[debug] 
[debug] [2025-02-12T05:08:09.218Z] > command requires scopes: ["email","openid","https://www.googleapis.com/auth/cloudplatformprojects.readonly","https://www.googleapis.com/auth/firebase","https://www.googleapis.com/auth/cloud-platform"]
[debug] [2025-02-12T05:08:09.218Z] > authorizing via signed-in user (aryan.iqnaut@gmail.com)
[info] 
     ######## #### ########  ######## ########     ###     ######  ########
     ##        ##  ##     ## ##       ##     ##  ##   ##  ##       ##
     ######    ##  ########  ######   ########  #########  ######  ######
     ##        ##  ##    ##  ##       ##     ## ##     ##       ## ##
     ##       #### ##     ## ######## ########  ##     ##  ######  ########

You're about to initialize a Firebase project in this directory:

  D:\WEB DEVELOPMENT\INTERNSHIP\eshcool\echooling-react-main

[info] 
=== Project Setup
[info] 
[info] First, let's associate this project directory with a Firebase project.
[info] You can create multiple project aliases by running firebase use --add, 
[info] but for now we'll just set up a default project.
[info] 
[debug] [2025-02-12T05:08:42.513Z] Checked if tokens are valid: true, expires at: 1739340253049
[debug] [2025-02-12T05:08:42.513Z] Checked if tokens are valid: true, expires at: 1739340253049
[debug] [2025-02-12T05:08:42.515Z] >>> [apiv2][query] GET https://firebase.googleapis.com/v1beta1/projects pageSize=100
[debug] [2025-02-12T05:08:44.278Z] <<< [apiv2][status] GET https://firebase.googleapis.com/v1beta1/projects 200
[debug] [2025-02-12T05:08:44.279Z] <<< [apiv2][body] GET https://firebase.googleapis.com/v1beta1/projects [omitted]
[info] i  Using project next-school-web-app (next-school-web-app) 
[info] 
=== Hosting Setup
[debug] [2025-02-12T05:08:46.196Z] Checked if tokens are valid: true, expires at: 1739340253049
[debug] [2025-02-12T05:08:46.196Z] Checked if tokens are valid: true, expires at: 1739340253049
[debug] [2025-02-12T05:08:46.196Z] >>> [apiv2][query] GET https://firebase.googleapis.com/v1beta1/projects/next-school-web-app [none]
[debug] [2025-02-12T05:08:47.438Z] <<< [apiv2][status] GET https://firebase.googleapis.com/v1beta1/projects/next-school-web-app 200
[debug] [2025-02-12T05:08:47.439Z] <<< [apiv2][body] GET https://firebase.googleapis.com/v1beta1/projects/next-school-web-app {"projectId":"next-school-web-app","projectNumber":"450625225834","displayName":"next-school-web-app","name":"projects/next-school-web-app","resources":{"hostingSite":"next-school-web-app"},"state":"ACTIVE","etag":"1_a97fa803-684b-4964-ab5a-24635078d4fd"}
[info] 
[info] Your public directory is the folder (relative to your project directory) that
[info] will contain Hosting assets to be uploaded with firebase deploy. If you
[info] have a build process for your assets, use your build's output directory.
[info] 
[debug] [2025-02-12T05:12:16.555Z] ----------------------------------------------------------------------
[debug] [2025-02-12T05:12:16.563Z] Command:       C:\Users\aryan\AppData\Roaming\fnm\node-versions\v20.18.2\installation\node.exe C:\Users\aryan\AppData\Roaming\fnm\node-versions\v20.18.2\installation\node_modules\firebase-tools\lib\bin\firebase.js init
[debug] [2025-02-12T05:12:16.563Z] CLI Version:   13.30.0
[debug] [2025-02-12T05:12:16.564Z] Platform:      win32
[debug] [2025-02-12T05:12:16.564Z] Node Version:  v20.18.2
[debug] [2025-02-12T05:12:16.564Z] Time:          Wed Feb 12 2025 10:42:16 GMT+0530 (India Standard Time)
[debug] [2025-02-12T05:12:16.564Z] ----------------------------------------------------------------------
[debug] 
[debug] [2025-02-12T05:12:16.570Z] > command requires scopes: ["email","openid","https://www.googleapis.com/auth/cloudplatformprojects.readonly","https://www.googleapis.com/auth/firebase","https://www.googleapis.com/auth/cloud-platform"]
[debug] [2025-02-12T05:12:16.571Z] > authorizing via signed-in user (aryan.iqnaut@gmail.com)
[info] 
     ######## #### ########  ######## ########     ###     ######  ########
     ##        ##  ##     ## ##       ##     ##  ##   ##  ##       ##
     ######    ##  ########  ######   ########  #########  ######  ######
     ##        ##  ##    ##  ##       ##     ## ##     ##       ## ##
     ##       #### ##     ## ######## ########  ##     ##  ######  ########

You're about to initialize a Firebase project in this directory:

  D:\WEB DEVELOPMENT\INTERNSHIP\eshcool\echooling-react-main

[info] 
=== Project Setup
[info] 
[info] First, let's associate this project directory with a Firebase project.
[info] You can create multiple project aliases by running firebase use --add, 
[info] but for now we'll just set up a default project.
[info] 
[debug] [2025-02-12T05:12:24.224Z] Checked if tokens are valid: true, expires at: 1739340253049
[debug] [2025-02-12T05:12:24.225Z] Checked if tokens are valid: true, expires at: 1739340253049
[debug] [2025-02-12T05:12:24.228Z] >>> [apiv2][query] GET https://firebase.googleapis.com/v1beta1/projects pageSize=100
[debug] [2025-02-12T05:12:26.105Z] <<< [apiv2][status] GET https://firebase.googleapis.com/v1beta1/projects 200
[debug] [2025-02-12T05:12:26.106Z] <<< [apiv2][body] GET https://firebase.googleapis.com/v1beta1/projects [omitted]
[debug] [2025-02-12T05:12:34.652Z] ----------------------------------------------------------------------
[debug] [2025-02-12T05:12:34.654Z] Command:       C:\Users\aryan\AppData\Roaming\fnm\node-versions\v20.18.2\installation\node.exe C:\Users\aryan\AppData\Roaming\fnm\node-versions\v20.18.2\installation\node_modules\firebase-tools\lib\bin\firebase.js init
[debug] [2025-02-12T05:12:34.655Z] CLI Version:   13.30.0
[debug] [2025-02-12T05:12:34.655Z] Platform:      win32
[debug] [2025-02-12T05:12:34.655Z] Node Version:  v20.18.2
[debug] [2025-02-12T05:12:34.655Z] Time:          Wed Feb 12 2025 10:42:34 GMT+0530 (India Standard Time)
[debug] [2025-02-12T05:12:34.655Z] ----------------------------------------------------------------------
[debug] 
[debug] [2025-02-12T05:12:34.662Z] > command requires scopes: ["email","openid","https://www.googleapis.com/auth/cloudplatformprojects.readonly","https://www.googleapis.com/auth/firebase","https://www.googleapis.com/auth/cloud-platform"]
[debug] [2025-02-12T05:12:34.662Z] > authorizing via signed-in user (aryan.iqnaut@gmail.com)
[info] 
     ######## #### ########  ######## ########     ###     ######  ########
     ##        ##  ##     ## ##       ##     ##  ##   ##  ##       ##
     ######    ##  ########  ######   ########  #########  ######  ######
     ##        ##  ##    ##  ##       ##     ## ##     ##       ## ##
     ##       #### ##     ## ######## ########  ##     ##  ######  ########

You're about to initialize a Firebase project in this directory:

  D:\WEB DEVELOPMENT\INTERNSHIP\eshcool\echooling-react-main

[info] 
=== Project Setup
[info] 
[info] First, let's associate this project directory with a Firebase project.
[info] You can create multiple project aliases by running firebase use --add, 
[info] but for now we'll just set up a default project.
[info] 
[info] i  If you want to create a project in a Google Cloud organization or folder, please use "firebase projects:create" instead, and return to this command when you've created the project. 
[debug] [2025-02-12T05:13:09.648Z] Checked if tokens are valid: true, expires at: 1739340253049
[debug] [2025-02-12T05:13:09.648Z] Checked if tokens are valid: true, expires at: 1739340253049
[debug] [2025-02-12T05:13:09.650Z] >>> [apiv2][query] POST https://cloudresourcemanager.googleapis.com/v1/projects [none]
[debug] [2025-02-12T05:13:09.650Z] >>> [apiv2][body] POST https://cloudresourcemanager.googleapis.com/v1/projects {"projectId":"react-school-web-app","name":"react-school-web-app"}
[debug] [2025-02-12T05:13:12.293Z] <<< [apiv2][status] POST https://cloudresourcemanager.googleapis.com/v1/projects 200
[debug] [2025-02-12T05:13:12.293Z] <<< [apiv2][body] POST https://cloudresourcemanager.googleapis.com/v1/projects {"name":"operations/cp.7544815163280023316"}
[debug] [2025-02-12T05:13:12.293Z] Checked if tokens are valid: true, expires at: 1739340253049
[debug] [2025-02-12T05:13:12.294Z] Checked if tokens are valid: true, expires at: 1739340253049
[debug] [2025-02-12T05:13:12.294Z] >>> [apiv2][query] GET https://cloudresourcemanager.googleapis.com/v1/operations/cp.7544815163280023316 [none]
[debug] [2025-02-12T05:13:14.163Z] <<< [apiv2][status] GET https://cloudresourcemanager.googleapis.com/v1/operations/cp.7544815163280023316 200
[debug] [2025-02-12T05:13:14.163Z] <<< [apiv2][body] GET https://cloudresourcemanager.googleapis.com/v1/operations/cp.7544815163280023316 {"name":"operations/cp.7544815163280023316"}
[debug] [2025-02-12T05:13:14.670Z] [Project Creation Poller] Retrying task index 0
[debug] [2025-02-12T05:13:14.671Z] Checked if tokens are valid: true, expires at: 1739340253049
[debug] [2025-02-12T05:13:14.672Z] Checked if tokens are valid: true, expires at: 1739340253049
[debug] [2025-02-12T05:13:14.672Z] >>> [apiv2][query] GET https://cloudresourcemanager.googleapis.com/v1/operations/cp.7544815163280023316 [none]
[debug] [2025-02-12T05:13:15.369Z] <<< [apiv2][status] GET https://cloudresourcemanager.googleapis.com/v1/operations/cp.7544815163280023316 200
[debug] [2025-02-12T05:13:15.369Z] <<< [apiv2][body] GET https://cloudresourcemanager.googleapis.com/v1/operations/cp.7544815163280023316 {"name":"operations/cp.7544815163280023316","metadata":{"@type":"type.googleapis.com/google.cloudresourcemanager.v1.ProjectCreationStatus","gettable":true}}
[debug] [2025-02-12T05:13:16.382Z] [Project Creation Poller] Retrying task index 0
[debug] [2025-02-12T05:13:16.382Z] Checked if tokens are valid: true, expires at: 1739340253049
[debug] [2025-02-12T05:13:16.382Z] Checked if tokens are valid: true, expires at: 1739340253049
[debug] [2025-02-12T05:13:16.383Z] >>> [apiv2][query] GET https://cloudresourcemanager.googleapis.com/v1/operations/cp.7544815163280023316 [none]
[debug] [2025-02-12T05:13:17.002Z] <<< [apiv2][status] GET https://cloudresourcemanager.googleapis.com/v1/operations/cp.7544815163280023316 200
[debug] [2025-02-12T05:13:17.002Z] <<< [apiv2][body] GET https://cloudresourcemanager.googleapis.com/v1/operations/cp.7544815163280023316 {"name":"operations/cp.7544815163280023316","metadata":{"@type":"type.googleapis.com/google.cloudresourcemanager.v1.ProjectCreationStatus","gettable":true,"ready":true},"done":true,"response":{"@type":"type.googleapis.com/google.cloudresourcemanager.v1.Project","projectNumber":"586823217848","projectId":"react-school-web-app","lifecycleState":"ACTIVE","name":"react-school-web-app","createTime":"2025-02-12T05:13:13.948500Z"}}
[debug] [2025-02-12T05:13:17.004Z] Checked if tokens are valid: true, expires at: 1739340253049
[debug] [2025-02-12T05:13:17.004Z] Checked if tokens are valid: true, expires at: 1739340253049
[debug] [2025-02-12T05:13:17.004Z] >>> [apiv2][query] POST https://firebase.googleapis.com/v1beta1/projects/react-school-web-app:addFirebase [none]
[debug] [2025-02-12T05:13:20.950Z] <<< [apiv2][status] POST https://firebase.googleapis.com/v1beta1/projects/react-school-web-app:addFirebase 200
[debug] [2025-02-12T05:13:20.950Z] <<< [apiv2][body] POST https://firebase.googleapis.com/v1beta1/projects/react-school-web-app:addFirebase {"name":"operations/workflows/YzZiMDA5YTgtNDkwNS00Njk5LTk0NzgtZGZjNDRjMzc4MGNl"}
[debug] [2025-02-12T05:13:20.950Z] Checked if tokens are valid: true, expires at: 1739340253049
[debug] [2025-02-12T05:13:20.950Z] Checked if tokens are valid: true, expires at: 1739340253049
[debug] [2025-02-12T05:13:20.951Z] >>> [apiv2][query] GET https://firebase.googleapis.com/v1beta1/operations/workflows/YzZiMDA5YTgtNDkwNS00Njk5LTk0NzgtZGZjNDRjMzc4MGNl [none]
[debug] [2025-02-12T05:13:26.528Z] <<< [apiv2][status] GET https://firebase.googleapis.com/v1beta1/operations/workflows/YzZiMDA5YTgtNDkwNS00Njk5LTk0NzgtZGZjNDRjMzc4MGNl 200
[debug] [2025-02-12T05:13:26.529Z] <<< [apiv2][body] GET https://firebase.googleapis.com/v1beta1/operations/workflows/YzZiMDA5YTgtNDkwNS00Njk5LTk0NzgtZGZjNDRjMzc4MGNl {"name":"operations/workflows/YzZiMDA5YTgtNDkwNS00Njk5LTk0NzgtZGZjNDRjMzc4MGNl"}
[debug] [2025-02-12T05:13:27.043Z] [Add Firebase Poller] Retrying task index 0
[debug] [2025-02-12T05:13:27.043Z] Checked if tokens are valid: true, expires at: 1739340253049
[debug] [2025-02-12T05:13:27.044Z] Checked if tokens are valid: true, expires at: 1739340253049
[debug] [2025-02-12T05:13:27.044Z] >>> [apiv2][query] GET https://firebase.googleapis.com/v1beta1/operations/workflows/YzZiMDA5YTgtNDkwNS00Njk5LTk0NzgtZGZjNDRjMzc4MGNl [none]
[debug] [2025-02-12T05:13:28.152Z] <<< [apiv2][status] GET https://firebase.googleapis.com/v1beta1/operations/workflows/YzZiMDA5YTgtNDkwNS00Njk5LTk0NzgtZGZjNDRjMzc4MGNl 200
[debug] [2025-02-12T05:13:28.153Z] <<< [apiv2][body] GET https://firebase.googleapis.com/v1beta1/operations/workflows/YzZiMDA5YTgtNDkwNS00Njk5LTk0NzgtZGZjNDRjMzc4MGNl {"name":"operations/workflows/YzZiMDA5YTgtNDkwNS00Njk5LTk0NzgtZGZjNDRjMzc4MGNl","done":true,"response":{"@type":"type.googleapis.com/google.firebase.service.v1beta1.FirebaseProject","projectId":"react-school-web-app","projectNumber":"586823217848","displayName":"react-school-web-app","name":"projects/react-school-web-app","resources":{"hostingSite":"react-school-web-app"}}}
[info] 
[info] === Your Firebase project is ready! ===
[info] 
[info] Project information:
[info]    - Project ID: react-school-web-app
[info]    - Project Name: react-school-web-app
[info] 
[info] Firebase console is available at
[info] https://console.firebase.google.com/project/react-school-web-app/overview
[info] i  Using project react-school-web-app (react-school-web-app) 
[info] 
=== Hosting Setup
[debug] [2025-02-12T05:13:28.166Z] Checked if tokens are valid: true, expires at: 1739340253049
[debug] [2025-02-12T05:13:28.166Z] Checked if tokens are valid: true, expires at: 1739340253049
[debug] [2025-02-12T05:13:28.166Z] >>> [apiv2][query] GET https://firebase.googleapis.com/v1beta1/projects/react-school-web-app [none]
[debug] [2025-02-12T05:13:29.369Z] <<< [apiv2][status] GET https://firebase.googleapis.com/v1beta1/projects/react-school-web-app 200
[debug] [2025-02-12T05:13:29.370Z] <<< [apiv2][body] GET https://firebase.googleapis.com/v1beta1/projects/react-school-web-app {"projectId":"react-school-web-app","projectNumber":"586823217848","displayName":"react-school-web-app","name":"projects/react-school-web-app","resources":{"hostingSite":"react-school-web-app"},"state":"ACTIVE","etag":"1_26726d45-4e69-4b0c-b0d8-2d9f60b3fa5c"}
[info] 
[info] Your public directory is the folder (relative to your project directory) that
[info] will contain Hosting assets to be uploaded with firebase deploy. If you
[info] have a build process for your assets, use your build's output directory.
[info] 
[debug] [2025-02-12T05:13:53.156Z] >>> [apiv2][query] GET https://www.gstatic.com/firebasejs/releases.json [none]
[debug] [2025-02-12T05:13:53.934Z] <<< [apiv2][status] GET https://www.gstatic.com/firebasejs/releases.json 200
[debug] [2025-02-12T05:13:53.934Z] <<< [apiv2][body] GET https://www.gstatic.com/firebasejs/releases.json {"current":{"version":"11.3.1","browserURL":"https://www.gstatic.com/firebasejs/11.3.1/firebase.js","packageURL":"https://www.gstatic.com/firebasejs/11.3.1/firebase.tgz"},"live":{"version":"11.3","browserURL":"https://www.gstatic.com/firebasejs/live/11.3/firebase.js","packageURL":"https://www.gstatic.com/firebasejs/live/11.3/firebase.tgz"},"components":{"analytics":"https://www.gstatic.com/firebasejs/11.3.1/firebase-analytics.js","app":"https://www.gstatic.com/firebasejs/11.3.1/firebase-app.js","app-check":"https://www.gstatic.com/firebasejs/11.3.1/firebase-app-check.js","auth":"https://www.gstatic.com/firebasejs/11.3.1/firebase-auth.js","auth/cordova":"https://www.gstatic.com/firebasejs/11.3.1/firebase-auth/cordova.js","auth/web-extension":"https://www.gstatic.com/firebasejs/11.3.1/firebase-auth/web-extension.js","functions":"https://www.gstatic.com/firebasejs/11.3.1/firebase-functions.js","firestore":"https://www.gstatic.com/firebasejs/11.3.1/firebase-firestore.js","firestore/lite":"https://www.gstatic.com/firebasejs/11.3.1/firebase-firestore/lite.js","installations":"https://www.gstatic.com/firebasejs/11.3.1/firebase-installations.js","storage":"https://www.gstatic.com/firebasejs/11.3.1/firebase-storage.js","performance":"https://www.gstatic.com/firebasejs/11.3.1/firebase-performance.js","remote-config":"https://www.gstatic.com/firebasejs/11.3.1/firebase-remote-config.js","messaging":"https://www.gstatic.com/firebasejs/11.3.1/firebase-messaging.js","messaging/sw":"https://www.gstatic.com/firebasejs/11.3.1/firebase-messaging/sw.js","database":"https://www.gstatic.com/firebasejs/11.3.1/firebase-database.js","vertexai":"https://www.gstatic.com/firebasejs/11.3.1/firebase-vertexai.js","data-connect":"https://www.gstatic.com/firebasejs/11.3.1/firebase-data-connect.js","firestore.memory":"https://www.gstatic.com/firebasejs/11.3.1/firebase-firestore.memory.js"}}
[info] +  Wrote build/index.html 
[info] 
[info] i  Detected a .git folder at D:\WEB DEVELOPMENT\INTERNSHIP\eshcool\echooling-react-main 
[info] i  Authorizing with GitHub to upload your service account to a GitHub repository's secrets store. 
[info] 
[info] Visit this URL on this device to log in:
[info] https://github.com/login/oauth/authorize?client_id=89cf50f02ac6aaed3484&state=1022137410&redirect_uri=http%3A%2F%2Flocalhost%3A9005&scope=read%3Auser%20repo%20public_repo
[info] 
[info] Waiting for authentication...
[debug] [2025-02-12T05:14:11.502Z] >>> [apiv2][query] POST https://github.com/login/oauth/access_token [none]
[debug] [2025-02-12T05:14:11.503Z] >>> [apiv2][body] POST https://github.com/login/oauth/access_token [stream]
[debug] [2025-02-12T05:14:12.066Z] <<< [apiv2][status] POST https://github.com/login/oauth/access_token 200
[debug] [2025-02-12T05:14:12.066Z] <<< [apiv2][body] POST https://github.com/login/oauth/access_token {"access_token":"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","token_type":"bearer","scope":"read:user,repo"}
[debug] [2025-02-12T05:14:12.072Z] >>> [apiv2][query] GET https://api.github.com/user [none]
[debug] [2025-02-12T05:14:12.562Z] <<< [apiv2][status] GET https://api.github.com/user 200
[debug] [2025-02-12T05:14:12.562Z] <<< [apiv2][body] GET https://api.github.com/user {"login":"AryanKumarOfficial","id":102245849,"node_id":"U_kgDOBhgl2Q","avatar_url":"https://avatars.githubusercontent.com/u/102245849?v=4","gravatar_id":"","url":"https://api.github.com/users/AryanKumarOfficial","html_url":"https://github.com/AryanKumarOfficial","followers_url":"https://api.github.com/users/AryanKumarOfficial/followers","following_url":"https://api.github.com/users/AryanKumarOfficial/following{/other_user}","gists_url":"https://api.github.com/users/AryanKumarOfficial/gists{/gist_id}","starred_url":"https://api.github.com/users/AryanKumarOfficial/starred{/owner}{/repo}","subscriptions_url":"https://api.github.com/users/AryanKumarOfficial/subscriptions","organizations_url":"https://api.github.com/users/AryanKumarOfficial/orgs","repos_url":"https://api.github.com/users/AryanKumarOfficial/repos","events_url":"https://api.github.com/users/AryanKumarOfficial/events{/privacy}","received_events_url":"https://api.github.com/users/AryanKumarOfficial/received_events","type":"User","user_view_type":"private","site_admin":false,"name":"Aryan Kumar","company":null,"blog":"aryankumarofficial.vercel.app","location":"Patna","email":"aryanak9163@gmail.com","hireable":true,"bio":"👋 I'm Aryan Kumar, a web developer with a focus on UI/UX. Currently learning Java. Check out my projects: CloudNote, Codeswear.","twitter_username":"_devloperaaryan","notification_email":"aryanak9163@gmail.com","public_repos":92,"public_gists":1,"followers":7,"following":8,"created_at":"2022-03-23T16:21:14Z","updated_at":"2025-02-07T17:38:36Z","private_gists":3,"total_private_repos":5,"owned_private_repos":4,"disk_usage":316977,"collaborators":0,"two_factor_authentication":false,"plan":{"name":"pro","space":976562499,"collaborators":0,"private_repos":9999}}
[info] 
[info] +  Success! Logged into GitHub as AryanKumarOfficial 
[info] 
